<?xml version="1.0" encoding="UTF-8"?>
<!-- Generated by org.testng.reporters.JUnitXMLReporter -->
<testsuite ignored="0" hostname="dvtcsdevp-001" failures="1" tests="1" name="Test" time="3.382" errors="0" timestamp="2023-12-10T18:43:28 IST">
  <testcase classname="supportlibraries.TestCase" name="@AfterMethod testMethodTearDown" time="0.001">
    <failure type="java.lang.NullPointerException" message="Cannot invoke &amp;quot;String.equalsIgnoreCase(String)&amp;quot; because &amp;quot;testStatus&amp;quot; is null">
      <![CDATA[java.lang.NullPointerException: Cannot invoke "String.equalsIgnoreCase(String)" because "testStatus" is null
at com.LT.framework.Report.updateResultSummary(Report.java:242)
at com.LT.framework.selenium.ResultSummaryManager.updateResultSummary(ResultSummaryManager.java:108)
at supportlibraries.TestCase.testMethodTearDown(TestCase.java:93)
at java.base/java.util.concurrent.ThreadPoolExecutor.runWorker(ThreadPoolExecutor.java:1136)
at java.base/java.util.concurrent.ThreadPoolExecutor$Worker.run(ThreadPoolExecutor.java:635)
at java.base/java.lang.Thread.run(Thread.java:840)
... Removed 17 stack frames]]>
    </failure>
  </testcase> <!-- @AfterMethod testMethodTearDown -->
  <testcase classname="testscripts.scenario1.TC_1" name="runTC1" time="3.314">
    <failure type="org.openqa.selenium.InvalidArgumentException" message="invalid argument: entry 0 of &amp;apos;firstMatch&amp;apos; is invalid
from invalid argument: cannot parse capability: ms:edgeOptions
from invalid argument: must be a dictionary
Build info: version: &amp;apos;4.0.0-alpha-2&amp;apos;, revision: &amp;apos;f148142cf8&amp;apos;, time: &amp;apos;2019-07-01T20:55:26&amp;apos;
System info: host: &amp;apos;dvtcsdevp-001&amp;apos;, ip: &amp;apos;172.26.120.16&amp;apos;, os.name: &amp;apos;Windows 10&amp;apos;, os.arch: &amp;apos;amd64&amp;apos;, os.version: &amp;apos;10.0&amp;apos;, java.version: &amp;apos;17.0.9&amp;apos;
Driver info: driver.version: EdgeDriver
remote stacktrace: 	GetHandleVerifier [0x00007FF7F6CB25A2+60402]
	Microsoft::Applications::Events::ILogConfiguration::operator* [0x00007FF7F6C372F2+253618]
	(No symbol) [0x00007FF7F6A09C99]
	(No symbol) [0x00007FF7F6A33930]
	(No symbol) [0x00007FF7F6A3C1C8]
	(No symbol) [0x00007FF7F69F27B9]
	(No symbol) [0x00007FF7F6A2FFD6]
	(No symbol) [0x00007FF7F6A8267E]
	(No symbol) [0x00007FF7F6A81D41]
	(No symbol) [0x00007FF7F6A8361A]
	(No symbol) [0x00007FF7F6A7B863]
	(No symbol) [0x00007FF7F6A4C585]
	(No symbol) [0x00007FF7F6A4B993]
	(No symbol) [0x00007FF7F6A4CD14]
	Microsoft::Applications::Events::EventProperty::to_string [0x00007FF7F6E93444+1161924]
	(No symbol) [0x00007FF7F6ACE5F6]
	Microsoft::Applications::Events::EventProperty::~EventProperty [0x00007FF7F6B8B083+37459]
	Microsoft::Applications::Events::EventProperty::~EventProperty [0x00007FF7F6B82C4D+3613]
	Microsoft::Applications::Events::EventProperty::to_string [0x00007FF7F6E92184+1157124]
	Microsoft::Applications::Events::ILogConfiguration::operator* [0x00007FF7F6C41648+295432]
	Microsoft::Applications::Events::ILogConfiguration::operator* [0x00007FF7F6C3CB14+276180]
	Microsoft::Applications::Events::ILogConfiguration::operator* [0x00007FF7F6C3CC42+276482]
	Microsoft::Applications::Events::ILogConfiguration::operator* [0x00007FF7F6C2FA31+222705]
	BaseThreadInitThunk [0x00007FFD3E507344+20]
	RtlUserThreadStart [0x00007FFD3FC426B1+33]
">
      <![CDATA[org.openqa.selenium.InvalidArgumentException: invalid argument: entry 0 of 'firstMatch' is invalid
from invalid argument: cannot parse capability: ms:edgeOptions
from invalid argument: must be a dictionary
Build info: version: '4.0.0-alpha-2', revision: 'f148142cf8', time: '2019-07-01T20:55:26'
System info: host: 'dvtcsdevp-001', ip: '172.26.120.16', os.name: 'Windows 10', os.arch: 'amd64', os.version: '10.0', java.version: '17.0.9'
Driver info: driver.version: EdgeDriver
remote stacktrace: GetHandleVerifier [0x00007FF7F6CB25A2+60402]
Microsoft::Applications::Events::ILogConfiguration::operator* [0x00007FF7F6C372F2+253618]
(No symbol) [0x00007FF7F6A09C99]
(No symbol) [0x00007FF7F6A33930]
(No symbol) [0x00007FF7F6A3C1C8]
(No symbol) [0x00007FF7F69F27B9]
(No symbol) [0x00007FF7F6A2FFD6]
(No symbol) [0x00007FF7F6A8267E]
(No symbol) [0x00007FF7F6A81D41]
(No symbol) [0x00007FF7F6A8361A]
(No symbol) [0x00007FF7F6A7B863]
(No symbol) [0x00007FF7F6A4C585]
(No symbol) [0x00007FF7F6A4B993]
(No symbol) [0x00007FF7F6A4CD14]
Microsoft::Applications::Events::EventProperty::to_string [0x00007FF7F6E93444+1161924]
(No symbol) [0x00007FF7F6ACE5F6]
Microsoft::Applications::Events::EventProperty::~EventProperty [0x00007FF7F6B8B083+37459]
Microsoft::Applications::Events::EventProperty::~EventProperty [0x00007FF7F6B82C4D+3613]
Microsoft::Applications::Events::EventProperty::to_string [0x00007FF7F6E92184+1157124]
Microsoft::Applications::Events::ILogConfiguration::operator* [0x00007FF7F6C41648+295432]
Microsoft::Applications::Events::ILogConfiguration::operator* [0x00007FF7F6C3CB14+276180]
Microsoft::Applications::Events::ILogConfiguration::operator* [0x00007FF7F6C3CC42+276482]
Microsoft::Applications::Events::ILogConfiguration::operator* [0x00007FF7F6C2FA31+222705]
BaseThreadInitThunk [0x00007FFD3E507344+20]
RtlUserThreadStart [0x00007FFD3FC426B1+33]

at org.openqa.selenium.remote.W3CHandshakeResponse.lambda$errorHandler$0(W3CHandshakeResponse.java:62)
at org.openqa.selenium.remote.HandshakeResponse.lambda$getResponseFunction$0(HandshakeResponse.java:30)
at org.openqa.selenium.remote.ProtocolHandshake.lambda$createSession$1(ProtocolHandshake.java:127)
at java.base/java.util.stream.ReferencePipeline$3$1.accept(ReferencePipeline.java:197)
at java.base/java.util.Spliterators$ArraySpliterator.tryAdvance(Spliterators.java:1002)
at java.base/java.util.stream.ReferencePipeline.forEachWithCancel(ReferencePipeline.java:129)
at java.base/java.util.stream.AbstractPipeline.copyIntoWithCancel(AbstractPipeline.java:527)
at java.base/java.util.stream.AbstractPipeline.copyInto(AbstractPipeline.java:513)
at java.base/java.util.stream.AbstractPipeline.wrapAndCopyInto(AbstractPipeline.java:499)
at java.base/java.util.stream.FindOps$FindOp.evaluateSequential(FindOps.java:150)
at java.base/java.util.stream.AbstractPipeline.evaluate(AbstractPipeline.java:234)
at java.base/java.util.stream.ReferencePipeline.findFirst(ReferencePipeline.java:647)
at org.openqa.selenium.remote.ProtocolHandshake.createSession(ProtocolHandshake.java:129)
at org.openqa.selenium.remote.ProtocolHandshake.createSession(ProtocolHandshake.java:75)
at org.openqa.selenium.remote.HttpCommandExecutor.execute(HttpCommandExecutor.java:139)
at org.openqa.selenium.remote.service.DriverCommandExecutor.execute(DriverCommandExecutor.java:83)
at org.openqa.selenium.remote.RemoteWebDriver.execute(RemoteWebDriver.java:576)
at org.openqa.selenium.remote.RemoteWebDriver.startSession(RemoteWebDriver.java:210)
at org.openqa.selenium.remote.RemoteWebDriver.<init>(RemoteWebDriver.java:130)
at org.openqa.selenium.chromium.ChromiumDriver.<init>(ChromiumDriver.java:73)
at org.openqa.selenium.edge.EdgeDriver.<init>(EdgeDriver.java:120)
at com.LT.framework.selenium.WebDriverFactory.getDriver(WebDriverFactory.java:115)
at supportlibraries.DriverScript.initializeWebDriver(DriverScript.java:184)
at supportlibraries.DriverScript.driveTestExecution(DriverScript.java:96)
at testscripts.scenario1.TC_1.runTC1(TC_1.java:37)
at java.base/java.util.concurrent.ThreadPoolExecutor.runWorker(ThreadPoolExecutor.java:1136)
at java.base/java.util.concurrent.ThreadPoolExecutor$Worker.run(ThreadPoolExecutor.java:635)
at java.base/java.lang.Thread.run(Thread.java:840)
... Removed 17 stack frames]]>
    </failure>
  </testcase> <!-- runTC1 -->
</testsuite> <!-- Test -->
