<?xml version="1.0" encoding="UTF-8"?>
<testng-results ignored="0" total="4" passed="3" failed="1" skipped="0">
  <reporter-output>
  </reporter-output>
  <suite started-at="2023-12-10T10:18:00 IST" name="Regression" finished-at="2023-12-10T10:18:22 IST" duration-ms="22465">
    <groups>
    </groups>
    <test started-at="2023-12-10T10:18:00 IST" name="Test" finished-at="2023-12-10T10:18:22 IST" duration-ms="22465">
      <class name="testscripts.scenario1.TC_1">
        <test-method is-config="true" signature="suiteSetup(org.testng.ITestContext)[pri:0, instance:testscripts.scenario1.TC_1@6892b3b6]" started-at="2023-12-10T10:17:58 IST" name="suiteSetup" finished-at="2023-12-10T10:18:00 IST" duration-ms="1837" status="PASS">
          <params>
            <param index="0">
              <value>
                <![CDATA[org.testng.TestRunner@63f34b70]]>
              </value>
            </param>
          </params>
          <reporter-output>
          </reporter-output>
        </test-method> <!-- suiteSetup -->
        <test-method signature="runTC1(com.LT.framework.selenium.Browser)[pri:0, instance:testscripts.scenario1.TC_1@6892b3b6]" started-at="2023-12-10T10:18:00 IST" name="runTC1" finished-at="2023-12-10T10:18:00 IST" duration-ms="0" status="FAIL">
          <exception class="org.testng.TestNGException">
            <message>
              <![CDATA[
Conversion issue on parameter: browser]]>
            </message>
            <full-stacktrace>
              <![CDATA[org.testng.TestNGException: 
Conversion issue on parameter: browser
at org.testng.internal.PropertyUtils.convertType(PropertyUtils.java:68)
at org.testng.internal.Parameters.createParams(Parameters.java:270)
at org.testng.internal.Parameters.createParametersForMethod(Parameters.java:355)
at org.testng.internal.Parameters.createParameters(Parameters.java:684)
at org.testng.internal.Parameters.handleParameters(Parameters.java:879)
at org.testng.internal.Parameters.handleParameters(Parameters.java:728)
at org.testng.internal.invokers.ParameterHandler.handleParameters(ParameterHandler.java:72)
at org.testng.internal.invokers.ParameterHandler.createParameters(ParameterHandler.java:51)
at org.testng.internal.invokers.TestInvoker$MethodInvocationAgent.invoke(TestInvoker.java:911)
at org.testng.internal.invokers.TestInvoker.invokeTestMethods(TestInvoker.java:200)
at org.testng.internal.invokers.TestMethodWorker.invokeTestMethods(TestMethodWorker.java:148)
at org.testng.internal.invokers.TestMethodWorker.run(TestMethodWorker.java:128)
at java.base/java.util.concurrent.ThreadPoolExecutor.runWorker(ThreadPoolExecutor.java:1136)
at java.base/java.util.concurrent.ThreadPoolExecutor$Worker.run(ThreadPoolExecutor.java:635)
at java.base/java.lang.Thread.run(Thread.java:840)
Caused by: java.lang.IllegalArgumentException: No enum constant com.LT.framework.selenium.Browser.chrome
at java.base/java.lang.Enum.valueOf(Enum.java:273)
at org.testng.internal.PropertyUtils.convertType(PropertyUtils.java:65)
... 14 more
]]>
            </full-stacktrace>
          </exception> <!-- org.testng.TestNGException -->
          <reporter-output>
          </reporter-output>
        </test-method> <!-- runTC1 -->
        <test-method is-config="true" signature="suiteTearDown()[pri:0, instance:testscripts.scenario1.TC_1@6892b3b6]" started-at="2023-12-10T10:18:22 IST" name="suiteTearDown" finished-at="2023-12-10T10:18:23 IST" duration-ms="520" status="PASS">
          <reporter-output>
          </reporter-output>
        </test-method> <!-- suiteTearDown -->
      </class> <!-- testscripts.scenario1.TC_1 -->
      <class name="testscripts.scenario1.TC_2">
        <test-method is-config="true" signature="testMethodSetup()[pri:0, instance:testscripts.scenario1.TC_2@6e9175d8]" started-at="2023-12-10T10:18:00 IST" name="testMethodSetup" finished-at="2023-12-10T10:18:00 IST" duration-ms="1" status="PASS">
          <reporter-output>
          </reporter-output>
        </test-method> <!-- testMethodSetup -->
        <test-method signature="runTC2()[pri:0, instance:testscripts.scenario1.TC_2@6e9175d8]" started-at="2023-12-10T10:18:00 IST" name="runTC2" finished-at="2023-12-10T10:18:22 IST" duration-ms="22268" status="PASS">
          <reporter-output>
          </reporter-output>
        </test-method> <!-- runTC2 -->
        <test-method is-config="true" signature="testMethodTearDown()[pri:0, instance:testscripts.scenario1.TC_2@6e9175d8]" started-at="2023-12-10T10:18:22 IST" name="testMethodTearDown" finished-at="2023-12-10T10:18:22 IST" duration-ms="153" status="PASS">
          <reporter-output>
          </reporter-output>
        </test-method> <!-- testMethodTearDown -->
      </class> <!-- testscripts.scenario1.TC_2 -->
      <class name="testscripts.scenario1.TC_3">
        <test-method is-config="true" signature="testMethodSetup()[pri:0, instance:testscripts.scenario1.TC_3@7d0b7e3c]" started-at="2023-12-10T10:18:00 IST" name="testMethodSetup" finished-at="2023-12-10T10:18:00 IST" duration-ms="3" status="PASS">
          <reporter-output>
          </reporter-output>
        </test-method> <!-- testMethodSetup -->
        <test-method signature="runTC3()[pri:0, instance:testscripts.scenario1.TC_3@7d0b7e3c]" started-at="2023-12-10T10:18:00 IST" name="runTC3" finished-at="2023-12-10T10:18:19 IST" duration-ms="19284" status="PASS">
          <reporter-output>
          </reporter-output>
        </test-method> <!-- runTC3 -->
        <test-method is-config="true" signature="testMethodTearDown()[pri:0, instance:testscripts.scenario1.TC_3@7d0b7e3c]" started-at="2023-12-10T10:18:19 IST" name="testMethodTearDown" finished-at="2023-12-10T10:18:19 IST" duration-ms="181" status="PASS">
          <reporter-output>
          </reporter-output>
        </test-method> <!-- testMethodTearDown -->
      </class> <!-- testscripts.scenario1.TC_3 -->
      <class name="testscripts.scenario1.TC_4">
        <test-method is-config="true" signature="testMethodSetup()[pri:0, instance:testscripts.scenario1.TC_4@15bb5034]" started-at="2023-12-10T10:18:00 IST" name="testMethodSetup" finished-at="2023-12-10T10:18:00 IST" duration-ms="1" status="PASS">
          <reporter-output>
          </reporter-output>
        </test-method> <!-- testMethodSetup -->
        <test-method signature="runTC4()[pri:0, instance:testscripts.scenario1.TC_4@15bb5034]" started-at="2023-12-10T10:18:00 IST" name="runTC4" finished-at="2023-12-10T10:18:20 IST" duration-ms="20146" status="PASS">
          <reporter-output>
          </reporter-output>
        </test-method> <!-- runTC4 -->
        <test-method is-config="true" signature="testMethodTearDown()[pri:0, instance:testscripts.scenario1.TC_4@15bb5034]" started-at="2023-12-10T10:18:20 IST" name="testMethodTearDown" finished-at="2023-12-10T10:18:20 IST" duration-ms="195" status="PASS">
          <reporter-output>
          </reporter-output>
        </test-method> <!-- testMethodTearDown -->
      </class> <!-- testscripts.scenario1.TC_4 -->
    </test> <!-- Test -->
  </suite> <!-- Regression -->
</testng-results>
