<?xml version="1.0" encoding="UTF-8"?>
<!-- Generated by org.testng.reporters.JUnitXMLReporter -->
<testsuite ignored="6" hostname="dvtcsdevp-001" failures="1" tests="4" name="Test" time="22.465" errors="0" timestamp="2023-12-10T10:18:22 IST">
  <testcase classname="testscripts.scenario1.TC_1" name="runTC1" time="0.0">
    <failure type="org.testng.TestNGException" message="
Conversion issue on parameter: browser">
      <![CDATA[org.testng.TestNGException: 
Conversion issue on parameter: browser
at java.base/java.util.concurrent.ThreadPoolExecutor.runWorker(ThreadPoolExecutor.java:1136)
at java.base/java.util.concurrent.ThreadPoolExecutor$Worker.run(ThreadPoolExecutor.java:635)
at java.base/java.lang.Thread.run(Thread.java:840)
Caused by: java.lang.IllegalArgumentException: No enum constant com.LT.framework.selenium.Browser.chrome
at java.base/java.lang.Enum.valueOf(Enum.java:273)
... 14 more
... Removed 13 stack frames]]>
    </failure>
  </testcase> <!-- runTC1 -->
  <testcase classname="testscripts.scenario1.TC_3" name="runTC3" time="19.284"/>
  <testcase classname="testscripts.scenario1.TC_4" name="runTC4" time="20.146"/>
  <testcase classname="testscripts.scenario1.TC_2" name="runTC2" time="22.268"/>
  <testcase classname="supportlibraries.TestCase" name="@AfterSuite suiteTearDown" time="0.0">
    <ignored/>
  </testcase> <!-- @AfterSuite suiteTearDown -->
  <testcase classname="supportlibraries.TestCase" name="@BeforeSuite suiteSetup" time="0.0">
    <ignored/>
  </testcase> <!-- @BeforeSuite suiteSetup -->
  <testcase classname="supportlibraries.TestCase" name="@AfterSuite suiteTearDown" time="0.0">
    <ignored/>
  </testcase> <!-- @AfterSuite suiteTearDown -->
  <testcase classname="supportlibraries.TestCase" name="@BeforeSuite suiteSetup" time="0.0">
    <ignored/>
  </testcase> <!-- @BeforeSuite suiteSetup -->
  <testcase classname="supportlibraries.TestCase" name="@AfterSuite suiteTearDown" time="0.0">
    <ignored/>
  </testcase> <!-- @AfterSuite suiteTearDown -->
  <testcase classname="supportlibraries.TestCase" name="@BeforeSuite suiteSetup" time="0.0">
    <ignored/>
  </testcase> <!-- @BeforeSuite suiteSetup -->
</testsuite> <!-- Test -->
