<?xml version="1.0" encoding="UTF-8"?>
<!-- Generated by org.testng.reporters.JUnitReportReporter -->
<testsuite hostname="dvtcsdevp-001" failures="0" tests="2" name="testscripts.scenario1.TC_1" time="2.084" errors="2" timestamp="2023-12-10T12:15:55 IST" skipped="0">
  <testcase classname="testscripts.scenario1.TC_1" name="testMethodTearDown" time="0.001">
    <error message="Cannot invoke &quot;String.equalsIgnoreCase(String)&quot; because &quot;testStatus&quot; is null" type="java.lang.NullPointerException">
      <![CDATA[java.lang.NullPointerException: Cannot invoke "String.equalsIgnoreCase(String)" because "testStatus" is null
at com.LT.framework.Report.updateResultSummary(Report.java:242)
at com.LT.framework.selenium.ResultSummaryManager.updateResultSummary(ResultSummaryManager.java:108)
at supportlibraries.TestCase.testMethodTearDown(TestCase.java:93)
at java.base/jdk.internal.reflect.NativeMethodAccessorImpl.invoke0(Native Method)
at java.base/jdk.internal.reflect.NativeMethodAccessorImpl.invoke(NativeMethodAccessorImpl.java:77)
at java.base/jdk.internal.reflect.DelegatingMethodAccessorImpl.invoke(DelegatingMethodAccessorImpl.java:43)
at java.base/java.lang.reflect.Method.invoke(Method.java:568)
at org.testng.internal.invokers.MethodInvocationHelper.invokeMethod(MethodInvocationHelper.java:139)
at org.testng.internal.invokers.MethodInvocationHelper.invokeMethodConsideringTimeout(MethodInvocationHelper.java:69)
at org.testng.internal.invokers.ConfigInvoker.invokeConfigurationMethod(ConfigInvoker.java:390)
at org.testng.internal.invokers.ConfigInvoker.invokeConfigurations(ConfigInvoker.java:325)
at org.testng.internal.invokers.TestInvoker.runConfigMethods(TestInvoker.java:810)
at org.testng.internal.invokers.TestInvoker.runAfterConfigurations(TestInvoker.java:779)
at org.testng.internal.invokers.TestInvoker.invokeMethod(TestInvoker.java:755)
at org.testng.internal.invokers.TestInvoker.invokeTestMethod(TestInvoker.java:227)
at org.testng.internal.invokers.MethodRunner.runInSequence(MethodRunner.java:50)
at org.testng.internal.invokers.TestInvoker$MethodInvocationAgent.invoke(TestInvoker.java:957)
at org.testng.internal.invokers.TestInvoker.invokeTestMethods(TestInvoker.java:200)
at org.testng.internal.invokers.TestMethodWorker.invokeTestMethods(TestMethodWorker.java:148)
at org.testng.internal.invokers.TestMethodWorker.run(TestMethodWorker.java:128)
at java.base/java.util.concurrent.ThreadPoolExecutor.runWorker(ThreadPoolExecutor.java:1136)
at java.base/java.util.concurrent.ThreadPoolExecutor$Worker.run(ThreadPoolExecutor.java:635)
at java.base/java.lang.Thread.run(Thread.java:840)
]]>
    </error>
  </testcase> <!-- testMethodTearDown -->
  <testcase classname="testscripts.scenario1.TC_1" name="runTC1" time="2.083">
    <error message="session not created: This version of Microsoft Edge WebDriver only supports Microsoft Edge version 120
Current browser version is 119.0.2151.58 with binary path C:\Program Files (x86)\Microsoft\Edge\Application\msedge.exe
Build info: version: &#039;3.141.59&#039;, revision: &#039;e82be7d358&#039;, time: &#039;2018-11-14T08:17:03&#039;
System info: host: &#039;dvtcsdevp-001&#039;, ip: &#039;172.26.120.16&#039;, os.name: &#039;Windows 10&#039;, os.arch: &#039;amd64&#039;, os.version: &#039;10.0&#039;, java.version: &#039;17.0.9&#039;
Driver info: driver.version: EdgeDriver
remote stacktrace: 	GetHandleVerifier [0x00007FF69E313F02+58082]
	Microsoft::Applications::Events::ILogConfiguration::operator* [0x00007FF69E2A54B2+224082]
	(No symbol) [0x00007FF69E0C9D9B]
	(No symbol) [0x00007FF69E10889C]
	(No symbol) [0x00007FF69E107AA7]
	(No symbol) [0x00007FF69E100899]
	(No symbol) [0x00007FF69E0FC951]
	(No symbol) [0x00007FF69E1461DE]
	(No symbol) [0x00007FF69E13BB83]
	(No symbol) [0x00007FF69E10BFB4]
	(No symbol) [0x00007FF69E10B405]
	(No symbol) [0x00007FF69E10C7E4]
	Microsoft::Applications::Events::EventProperty::to_string [0x00007FF69E4BD87A+1003402]
	(No symbol) [0x00007FF69E1906A9]
	Microsoft::Applications::Events::EventProperty::~EventProperty [0x00007FF69E21A8F5+35045]
	Microsoft::Applications::Events::EventProperty::~EventProperty [0x00007FF69E212A8D+2685]
	Microsoft::Applications::Events::EventProperty::to_string [0x00007FF69E4BC573+998531]
	Microsoft::Applications::Events::ILogConfiguration::operator* [0x00007FF69E2AFE68+267528]
	Microsoft::Applications::Events::ILogConfiguration::operator* [0x00007FF69E2AAD24+246724]
	Microsoft::Applications::Events::ILogConfiguration::operator* [0x00007FF69E2AAE52+247026]
	Microsoft::Applications::Events::ILogConfiguration::operator* [0x00007FF69E29F6A1+200001]
	BaseThreadInitThunk [0x00007FFD3E507344+20]
	RtlUserThreadStart [0x00007FFD3FC426B1+33]
" type="org.openqa.selenium.SessionNotCreatedException">
      <![CDATA[org.openqa.selenium.SessionNotCreatedException: session not created: This version of Microsoft Edge WebDriver only supports Microsoft Edge version 120
Current browser version is 119.0.2151.58 with binary path C:\Program Files (x86)\Microsoft\Edge\Application\msedge.exe
Build info: version: '3.141.59', revision: 'e82be7d358', time: '2018-11-14T08:17:03'
System info: host: 'dvtcsdevp-001', ip: '172.26.120.16', os.name: 'Windows 10', os.arch: 'amd64', os.version: '10.0', java.version: '17.0.9'
Driver info: driver.version: EdgeDriver
remote stacktrace: GetHandleVerifier [0x00007FF69E313F02+58082]
Microsoft::Applications::Events::ILogConfiguration::operator* [0x00007FF69E2A54B2+224082]
(No symbol) [0x00007FF69E0C9D9B]
(No symbol) [0x00007FF69E10889C]
(No symbol) [0x00007FF69E107AA7]
(No symbol) [0x00007FF69E100899]
(No symbol) [0x00007FF69E0FC951]
(No symbol) [0x00007FF69E1461DE]
(No symbol) [0x00007FF69E13BB83]
(No symbol) [0x00007FF69E10BFB4]
(No symbol) [0x00007FF69E10B405]
(No symbol) [0x00007FF69E10C7E4]
Microsoft::Applications::Events::EventProperty::to_string [0x00007FF69E4BD87A+1003402]
(No symbol) [0x00007FF69E1906A9]
Microsoft::Applications::Events::EventProperty::~EventProperty [0x00007FF69E21A8F5+35045]
Microsoft::Applications::Events::EventProperty::~EventProperty [0x00007FF69E212A8D+2685]
Microsoft::Applications::Events::EventProperty::to_string [0x00007FF69E4BC573+998531]
Microsoft::Applications::Events::ILogConfiguration::operator* [0x00007FF69E2AFE68+267528]
Microsoft::Applications::Events::ILogConfiguration::operator* [0x00007FF69E2AAD24+246724]
Microsoft::Applications::Events::ILogConfiguration::operator* [0x00007FF69E2AAE52+247026]
Microsoft::Applications::Events::ILogConfiguration::operator* [0x00007FF69E29F6A1+200001]
BaseThreadInitThunk [0x00007FFD3E507344+20]
RtlUserThreadStart [0x00007FFD3FC426B1+33]

at java.base/jdk.internal.reflect.NativeConstructorAccessorImpl.newInstance0(Native Method)
at java.base/jdk.internal.reflect.NativeConstructorAccessorImpl.newInstance(NativeConstructorAccessorImpl.java:77)
at java.base/jdk.internal.reflect.DelegatingConstructorAccessorImpl.newInstance(DelegatingConstructorAccessorImpl.java:45)
at java.base/java.lang.reflect.Constructor.newInstanceWithCaller(Constructor.java:499)
at java.base/java.lang.reflect.Constructor.newInstance(Constructor.java:480)
at org.openqa.selenium.remote.W3CHandshakeResponse.lambda$errorHandler$0(W3CHandshakeResponse.java:62)
at org.openqa.selenium.remote.HandshakeResponse.lambda$getResponseFunction$0(HandshakeResponse.java:30)
at org.openqa.selenium.remote.ProtocolHandshake.lambda$createSession$0(ProtocolHandshake.java:126)
at java.base/java.util.stream.ReferencePipeline$3$1.accept(ReferencePipeline.java:197)
at java.base/java.util.Spliterators$ArraySpliterator.tryAdvance(Spliterators.java:1002)
at java.base/java.util.stream.ReferencePipeline.forEachWithCancel(ReferencePipeline.java:129)
at java.base/java.util.stream.AbstractPipeline.copyIntoWithCancel(AbstractPipeline.java:527)
at java.base/java.util.stream.AbstractPipeline.copyInto(AbstractPipeline.java:513)
at java.base/java.util.stream.AbstractPipeline.wrapAndCopyInto(AbstractPipeline.java:499)
at java.base/java.util.stream.FindOps$FindOp.evaluateSequential(FindOps.java:150)
at java.base/java.util.stream.AbstractPipeline.evaluate(AbstractPipeline.java:234)
at java.base/java.util.stream.ReferencePipeline.findFirst(ReferencePipeline.java:647)
at org.openqa.selenium.remote.ProtocolHandshake.createSession(ProtocolHandshake.java:128)
at org.openqa.selenium.remote.ProtocolHandshake.createSession(ProtocolHandshake.java:74)
at org.openqa.selenium.remote.HttpCommandExecutor.execute(HttpCommandExecutor.java:136)
at org.openqa.selenium.remote.service.DriverCommandExecutor.execute(DriverCommandExecutor.java:83)
at org.openqa.selenium.remote.RemoteWebDriver.execute(RemoteWebDriver.java:552)
at org.openqa.selenium.remote.RemoteWebDriver.startSession(RemoteWebDriver.java:213)
at org.openqa.selenium.remote.RemoteWebDriver.<init>(RemoteWebDriver.java:131)
at org.openqa.selenium.edge.EdgeDriver.<init>(EdgeDriver.java:141)
at org.openqa.selenium.edge.EdgeDriver.<init>(EdgeDriver.java:96)
at com.LT.framework.selenium.WebDriverFactory.getDriver(WebDriverFactory.java:97)
at supportlibraries.DriverScript.initializeWebDriver(DriverScript.java:184)
at supportlibraries.DriverScript.driveTestExecution(DriverScript.java:96)
at testscripts.scenario1.TC_1.runTC1(TC_1.java:37)
at java.base/jdk.internal.reflect.NativeMethodAccessorImpl.invoke0(Native Method)
at java.base/jdk.internal.reflect.NativeMethodAccessorImpl.invoke(NativeMethodAccessorImpl.java:77)
at java.base/jdk.internal.reflect.DelegatingMethodAccessorImpl.invoke(DelegatingMethodAccessorImpl.java:43)
at java.base/java.lang.reflect.Method.invoke(Method.java:568)
at org.testng.internal.invokers.MethodInvocationHelper.invokeMethod(MethodInvocationHelper.java:139)
at org.testng.internal.invokers.TestInvoker.invokeMethod(TestInvoker.java:664)
at org.testng.internal.invokers.TestInvoker.invokeTestMethod(TestInvoker.java:227)
at org.testng.internal.invokers.MethodRunner.runInSequence(MethodRunner.java:50)
at org.testng.internal.invokers.TestInvoker$MethodInvocationAgent.invoke(TestInvoker.java:957)
at org.testng.internal.invokers.TestInvoker.invokeTestMethods(TestInvoker.java:200)
at org.testng.internal.invokers.TestMethodWorker.invokeTestMethods(TestMethodWorker.java:148)
at org.testng.internal.invokers.TestMethodWorker.run(TestMethodWorker.java:128)
at java.base/java.util.concurrent.ThreadPoolExecutor.runWorker(ThreadPoolExecutor.java:1136)
at java.base/java.util.concurrent.ThreadPoolExecutor$Worker.run(ThreadPoolExecutor.java:635)
at java.base/java.lang.Thread.run(Thread.java:840)
]]>
    </error>
  </testcase> <!-- runTC1 -->
</testsuite> <!-- testscripts.scenario1.TC_1 -->
