<?xml version="1.0" encoding="UTF-8"?>
<!-- Generated by org.testng.reporters.JUnitXMLReporter -->
<testsuite ignored="0" hostname="dvtcsdevp-001" failures="1" tests="1" name="Test" time="9.722" errors="0" timestamp="2023-12-11T13:51:41 IST">
  <testcase classname="testscripts.scenario1.TC_1" name="runTC1" time="9.481">
    <failure type="java.lang.AssertionError" message="element click intercepted: Element is not clickable at point (514, 729)
  (Session info: chrome=117.0.5938.63)
Build info: version: &amp;apos;4.16.1&amp;apos;, revision: &amp;apos;9b4c83354e&amp;apos;
System info: os.name: &amp;apos;Windows 10&amp;apos;, os.arch: &amp;apos;amd64&amp;apos;, os.version: &amp;apos;10.0&amp;apos;, java.version: &amp;apos;17.0.9&amp;apos;
Driver info: org.openqa.selenium.chrome.ChromeDriver
Command: [1cd7a68788e5b7822d9ec74c3efb0ff8, clickElement {id=49038503266DC559EF954A458F734EE1_element_28}]
Capabilities {acceptInsecureCerts: false, browserName: chrome, browserVersion: 117.0.5938.63, chrome: {chromedriverVersion: 117.0.5938.92 (67649b10b92b..., userDataDir: C:\Users\KRISHRO\AppData\Lo...}, fedcm:accounts: true, goog:chromeOptions: {debuggerAddress: localhost:53013}, networkConnectionEnabled: false, pageLoadStrategy: normal, platformName: windows, proxy: Proxy(), se:cdp: ws://localhost:53013/devtoo..., se:cdpVersion: 117.0.5938.63, setWindowRect: true, strictFileInteractability: false, timeouts: {implicit: 0, pageLoad: 300000, script: 30000}, unhandledPromptBehavior: dismiss and notify, webauthn:extension:credBlob: true, webauthn:extension:largeBlob: true, webauthn:extension:minPinLength: true, webauthn:extension:prf: true, webauthn:virtualAuthenticators: true}
Element: [[ChromeDriver: chrome on windows (1cd7a68788e5b7822d9ec74c3efb0ff8)] -&amp;gt; xpath: .//*[contains(text(),&amp;apos;Save&amp;apos;)]]
Session ID: 1cd7a68788e5b7822d9ec74c3efb0ff8">
      <![CDATA[java.lang.AssertionError: element click intercepted: Element is not clickable at point (514, 729)
  (Session info: chrome=117.0.5938.63)
Build info: version: '4.16.1', revision: '9b4c83354e'
System info: os.name: 'Windows 10', os.arch: 'amd64', os.version: '10.0', java.version: '17.0.9'
Driver info: org.openqa.selenium.chrome.ChromeDriver
Command: [1cd7a68788e5b7822d9ec74c3efb0ff8, clickElement {id=49038503266DC559EF954A458F734EE1_element_28}]
Capabilities {acceptInsecureCerts: false, browserName: chrome, browserVersion: 117.0.5938.63, chrome: {chromedriverVersion: 117.0.5938.92 (67649b10b92b..., userDataDir: C:\Users\KRISHRO\AppData\Lo...}, fedcm:accounts: true, goog:chromeOptions: {debuggerAddress: localhost:53013}, networkConnectionEnabled: false, pageLoadStrategy: normal, platformName: windows, proxy: Proxy(), se:cdp: ws://localhost:53013/devtoo..., se:cdpVersion: 117.0.5938.63, setWindowRect: true, strictFileInteractability: false, timeouts: {implicit: 0, pageLoad: 300000, script: 30000}, unhandledPromptBehavior: dismiss and notify, webauthn:extension:credBlob: true, webauthn:extension:largeBlob: true, webauthn:extension:minPinLength: true, webauthn:extension:prf: true, webauthn:virtualAuthenticators: true}
Element: [[ChromeDriver: chrome on windows (1cd7a68788e5b7822d9ec74c3efb0ff8)] -> xpath: .//*[contains(text(),'Save')]]
Session ID: 1cd7a68788e5b7822d9ec74c3efb0ff8
at supportlibraries.DriverScript.wrapUp(DriverScript.java:567)
at supportlibraries.DriverScript.driveTestExecution(DriverScript.java:104)
at testscripts.scenario1.TC_1.runTC1(TC_1.java:37)
at java.base/java.util.concurrent.ThreadPoolExecutor.runWorker(ThreadPoolExecutor.java:1136)
at java.base/java.util.concurrent.ThreadPoolExecutor$Worker.run(ThreadPoolExecutor.java:635)
at java.base/java.lang.Thread.run(Thread.java:840)
... Removed 13 stack frames]]>
    </failure>
  </testcase> <!-- runTC1 -->
</testsuite> <!-- Test -->
